<?xml version="1.0" encoding="UTF-8"?>
<!-- Generated by org.testng.reporters.JUnitReportReporter -->
<testsuite hostname="MonalisaPC" failures="0" tests="1" name="philadelphiaJobs.BrokenLinkTest" time="15.623" errors="0" timestamp="2022-11-14T21:25:56 EST" skipped="0">
  <testcase classname="philadelphiaJobs.BrokenLinkTest" name="testbrokenLink" time="15.623"/>
  <system-out/>
</testsuite> <!-- philadelphiaJobs.BrokenLinkTest -->
