<?xml version="1.0" encoding="UTF-8"?>
<!-- Generated by org.testng.reporters.JUnitReportReporter -->
<testsuite hostname="MonalisaPC" failures="0" tests="1" name="philadelphiaJobs.DepartmentDropDownTest" time="8.572" errors="0" timestamp="2022-11-14T21:29:34 EST" skipped="0">
  <testcase classname="philadelphiaJobs.DepartmentDropDownTest" name="DropDowntest" time="8.572"/>
  <system-out/>
</testsuite> <!-- philadelphiaJobs.DepartmentDropDownTest -->
